2018-09-11 14:25:58.018 +03:00 [Information] I login with the following credentials: "tiommikot@gmail.com" / "a1123581321"
2018-09-11 14:26:09.313 +03:00 [Information] I send message with text 'hello world': to 'dxvcdescfsdc@gmail.com'
2018-09-11 14:26:15.281 +03:00 [Information] I sign out
2018-09-11 14:26:37.464 +03:00 [Information] I login with the invalid credentials: dxvcdescfsdc@gmail.com / a1123581321
2018-09-11 14:26:40.321 +03:00 [Information] I move email from 'Eduard Tumas' to trash.
2018-09-11 14:26:40.453 +03:00 [Information] I check that email from 'Eduard Tumas' is present in the trash.
2018-09-11 17:48:32.066 +03:00 [Information] I login with the following credentials: "tiommikot@gmail.com" / "a1123581321"
2018-09-11 17:48:48.957 +03:00 [Error] Email was not sent to 'dxvcdescfsdc@gmail.com'
OpenQA.Selenium.WebDriverTimeoutException: Timed out after 10 seconds ---> OpenQA.Selenium.NoSuchElementException: no such element: Unable to locate element: {"method":"xpath","selector":"//div[contains(text(),'COMPOSE')]"}
  (Session info: chrome=68.0.3440.106)
  (Driver info: chromedriver=2.40.565498 (ea082db3280dd6843ebfb08a625e3eb905c4f5ab),platform=Windows NT 10.0.14393 x86_64)
   at OpenQA.Selenium.Remote.RemoteWebDriver.UnpackAndThrowOnError(Response errorResponse)
   at OpenQA.Selenium.Remote.RemoteWebDriver.Execute(String driverCommandToExecute, Dictionary`2 parameters)
   at OpenQA.Selenium.Remote.RemoteWebDriver.FindElement(String mechanism, String value)
   at OpenQA.Selenium.Remote.RemoteWebDriver.FindElementByXPath(String xpath)
   at OpenQA.Selenium.By.<>c__DisplayClass19_0.<XPath>b__0(ISearchContext context)
   at OpenQA.Selenium.By.FindElement(ISearchContext context)
   at OpenQA.Selenium.Remote.RemoteWebDriver.FindElement(By by)
   at OpenQA.Selenium.Support.UI.ExpectedConditions.<>c__DisplayClass6_0.<ElementExists>b__0(IWebDriver driver)
   at OpenQA.Selenium.Support.UI.DefaultWait`1.Until[TResult](Func`2 condition)
   --- End of inner exception stack trace ---
   at OpenQA.Selenium.Support.UI.DefaultWait`1.ThrowTimeoutException(String exceptionMessage, Exception lastException)
   at OpenQA.Selenium.Support.UI.DefaultWait`1.Until[TResult](Func`2 condition)
   at TestWebProject.PageObject.AbstractPage.WaitTillElementIsVisible(By locator, Int32 timeOut) in C:\WebProject\TestWebProject\PageObject\AbstractPage.cs:line 25
   at TestWebProject.PageObject.MainEmailBoxPage.SendEmail(String recipient, String message) in C:\WebProject\TestWebProject\PageObject\MainEmailBoxPage.cs:line 53
2018-09-11 17:48:48.985 +03:00 [Information] I send message with text 'hello world': to 'dxvcdescfsdc@gmail.com'
2018-09-11 17:51:55.025 +03:00 [Information] I login with the following credentials: "tiommikot@gmail.com" / "a1123581321"
2018-09-11 17:52:08.327 +03:00 [Error] Email was not sent to 'dxvcdescfsdc@gmail.com'
OpenQA.Selenium.WebDriverTimeoutException: Timed out after 10 seconds ---> OpenQA.Selenium.NoSuchElementException: no such element: Unable to locate element: {"method":"xpath","selector":"//div[contains(text(),'COMPOSE')]"}
  (Session info: chrome=68.0.3440.106)
  (Driver info: chromedriver=2.40.565498 (ea082db3280dd6843ebfb08a625e3eb905c4f5ab),platform=Windows NT 10.0.14393 x86_64)
   at OpenQA.Selenium.Remote.RemoteWebDriver.UnpackAndThrowOnError(Response errorResponse)
   at OpenQA.Selenium.Remote.RemoteWebDriver.Execute(String driverCommandToExecute, Dictionary`2 parameters)
   at OpenQA.Selenium.Remote.RemoteWebDriver.FindElement(String mechanism, String value)
   at OpenQA.Selenium.Remote.RemoteWebDriver.FindElementByXPath(String xpath)
   at OpenQA.Selenium.By.<>c__DisplayClass19_0.<XPath>b__0(ISearchContext context)
   at OpenQA.Selenium.By.FindElement(ISearchContext context)
   at OpenQA.Selenium.Remote.RemoteWebDriver.FindElement(By by)
   at OpenQA.Selenium.Support.UI.ExpectedConditions.<>c__DisplayClass6_0.<ElementExists>b__0(IWebDriver driver)
   at OpenQA.Selenium.Support.UI.DefaultWait`1.Until[TResult](Func`2 condition)
   --- End of inner exception stack trace ---
   at OpenQA.Selenium.Support.UI.DefaultWait`1.ThrowTimeoutException(String exceptionMessage, Exception lastException)
   at OpenQA.Selenium.Support.UI.DefaultWait`1.Until[TResult](Func`2 condition)
   at TestWebProject.PageObject.AbstractPage.WaitTillElementIsVisible(By locator, Int32 timeOut) in C:\WebProject\TestWebProject\PageObject\AbstractPage.cs:line 25
   at TestWebProject.PageObject.MainEmailBoxPage.SendEmail(String recipient, String message) in C:\WebProject\TestWebProject\PageObject\MainEmailBoxPage.cs:line 53
2018-09-11 17:52:08.355 +03:00 [Information] I send message with text 'hello world': to 'dxvcdescfsdc@gmail.com'
2018-09-11 17:53:54.354 +03:00 [Information] I login with the following credentials: "tiommikot@gmail.com" / "a1123581321"
2018-09-11 17:54:08.834 +03:00 [Information] I send message with text 'hello world': to 'dxvcdescfsdc@gmail.com'
2018-09-11 17:56:07.144 +03:00 [Information] I login with the following credentials: "tiommikot@gmail.com" / "a1123581321"
2018-09-11 17:56:20.431 +03:00 [Error] Email was not sent to 'dxvcdescfsdc@gmail.com'
OpenQA.Selenium.WebDriverTimeoutException: Timed out after 10 seconds ---> OpenQA.Selenium.NoSuchElementException: no such element: Unable to locate element: {"method":"xpath","selector":"//div[contains(text(),'COMPOSE')]"}
  (Session info: chrome=68.0.3440.106)
  (Driver info: chromedriver=2.40.565498 (ea082db3280dd6843ebfb08a625e3eb905c4f5ab),platform=Windows NT 10.0.14393 x86_64)
   at OpenQA.Selenium.Remote.RemoteWebDriver.UnpackAndThrowOnError(Response errorResponse)
   at OpenQA.Selenium.Remote.RemoteWebDriver.Execute(String driverCommandToExecute, Dictionary`2 parameters)
   at OpenQA.Selenium.Remote.RemoteWebDriver.FindElement(String mechanism, String value)
   at OpenQA.Selenium.Remote.RemoteWebDriver.FindElementByXPath(String xpath)
   at OpenQA.Selenium.By.<>c__DisplayClass19_0.<XPath>b__0(ISearchContext context)
   at OpenQA.Selenium.By.FindElement(ISearchContext context)
   at OpenQA.Selenium.Remote.RemoteWebDriver.FindElement(By by)
   at OpenQA.Selenium.Support.UI.ExpectedConditions.<>c__DisplayClass6_0.<ElementExists>b__0(IWebDriver driver)
   at OpenQA.Selenium.Support.UI.DefaultWait`1.Until[TResult](Func`2 condition)
   --- End of inner exception stack trace ---
   at OpenQA.Selenium.Support.UI.DefaultWait`1.ThrowTimeoutException(String exceptionMessage, Exception lastException)
   at OpenQA.Selenium.Support.UI.DefaultWait`1.Until[TResult](Func`2 condition)
   at TestWebProject.PageObject.AbstractPage.WaitTillElementIsVisible(By locator, Int32 timeOut) in C:\WebProject\TestWebProject\PageObject\AbstractPage.cs:line 25
   at TestWebProject.PageObject.MainEmailBoxPage.SendEmail(String recipient, String message) in C:\WebProject\TestWebProject\PageObject\MainEmailBoxPage.cs:line 53
2018-09-11 17:56:20.459 +03:00 [Information] I send message with text 'hello world': to 'dxvcdescfsdc@gmail.com'
